<html>
<head>
<title>TestNG:  Globus-Security</title>
<link href="../testng.css" rel="stylesheet" type="text/css" />
<link href="../my-testng.css" rel="stylesheet" type="text/css" />

<style type="text/css">
.log { display: none;} 
.stack-trace { display: none;} 
</style>
<script type="text/javascript">
<!--
function flip(e) {
  current = e.style.display;
  if (current == 'block') {
    e.style.display = 'none';
    return 0;
  }
  else {
    e.style.display = 'block';
    return 1;
  }
}

function toggleBox(szDivId, elem, msg1, msg2)
{
  var res = -1;  if (document.getElementById) {
    res = flip(document.getElementById(szDivId));
  }
  else if (document.all) {
    // this is the way old msie versions work
    res = flip(document.all[szDivId]);
  }
  if(elem) {
    if(res == 0) elem.innerHTML = msg1; else elem.innerHTML = msg2;
  }

}

function toggleAllBoxes() {
  if (document.getElementsByTagName) {
    d = document.getElementsByTagName('div');
    for (i = 0; i < d.length; i++) {
      if (d[i].className == 'log') {
        flip(d[i]);
      }
    }
  }
}

// -->
</script>

</head>
<body>
<h2 align='center'>Globus-Security</h2><table border='1' align="center">
<tr>
<td>Tests passed/Failed/Skipped:</td><td>2/10/0</td>
</tr><tr>
<td>Started on:</td><td>Sun Dec 27 09:49:08 CST 2009</td>
</tr>
<tr><td>Total time:</td><td>42 seconds (42547 ms)</td>
</tr><tr>
<td>Included groups:</td><td></td>
</tr><tr>
<td>Excluded groups:</td><td></td>
</tr>
</table><p/>
<small><i>(Hover the method name to see the test class name)</i></small><p/>
<table width='100%' border='1' class='invocation-failed'>
<tr><td colspan='3' align='center'><b>FAILED TESTS</b></td></tr>
<tr><td><b>Test method</b></td>
<td width="10%"><b>Time (seconds)</b></td>
<td width="30%"><b>Exception</b></td>
</tr>
<tr>
<td title='org.globus.security.provider.TestProxyPathValidator.testCrlsChecks()'>testCrlsChecks</td>
<td>2</td>
<td><div><pre>java.security.cert.CertPathValidatorException: Certificate O=test CA1,OU=simple ca,CN=user1 expired
	at org.globus.security.provider.DateValidityChecker.isValid(DateValidityChecker.java:27)
	at org.globus.security.provider.X509ProxyCertPathValidator.checkCertificate(X509ProxyCertPathValidator.java:712)
	at org.globus.security.provider.X509ProxyCertPathValidator.validate(X509ProxyCertPathValidator.java:217)
	at org.globus.security.provider.X509ProxyCertPathValidator.engineValidate(X509ProxyCertPathValidator.java:136)
	at org.globus.security.provider.TestProxyPathValidator$MockProxyCertPathValidator.engineValidate(TestProxyPathValidator.java:1089)
	at org.globus.security.provider.TestProxyPathValidator.validateChain(TestProxyPathValidator.java:349)
	at org.globus.security.provider.TestProxyPathValidator.validateChain(TestProxyPathValidator.java:331)
	at org.globus.security.provider.TestProxyPathValidator.validateChain(TestProxyPathValidator.java:316)
	at org.globus.security.provider.TestProxyPathValidator.testCrlsChecks(TestProxyPathValidator.java:972)
Caused by: java.security.cert.CertificateExpiredException: certificate expired on 20090215235910GMT+00:00
	at org.bouncycastle.jce.provider.X509CertificateObject.checkValidity(Unknown Source)
	at org.bouncycastle.jce.provider.X509CertificateObject.checkValidity(Unknown Source)
	at org.globus.security.provider.DateValidityChecker.isValid(DateValidityChecker.java:25)
	... 30 more
... Removed 22 stack frames</pre></div><a href='#' onClick='toggleBox("stack-trace9740777", this, "Click to show all stack frames", "Click to hide stack frames")'>Click to show all stack frames</a>
<div class='stack-trace' id='stack-trace9740777'><pre>java.security.cert.CertPathValidatorException: Certificate O=test CA1,OU=simple ca,CN=user1 expired
	at org.globus.security.provider.DateValidityChecker.isValid(DateValidityChecker.java:27)
	at org.globus.security.provider.X509ProxyCertPathValidator.checkCertificate(X509ProxyCertPathValidator.java:712)
	at org.globus.security.provider.X509ProxyCertPathValidator.validate(X509ProxyCertPathValidator.java:217)
	at org.globus.security.provider.X509ProxyCertPathValidator.engineValidate(X509ProxyCertPathValidator.java:136)
	at org.globus.security.provider.TestProxyPathValidator$MockProxyCertPathValidator.engineValidate(TestProxyPathValidator.java:1089)
	at org.globus.security.provider.TestProxyPathValidator.validateChain(TestProxyPathValidator.java:349)
	at org.globus.security.provider.TestProxyPathValidator.validateChain(TestProxyPathValidator.java:331)
	at org.globus.security.provider.TestProxyPathValidator.validateChain(TestProxyPathValidator.java:316)
	at org.globus.security.provider.TestProxyPathValidator.testCrlsChecks(TestProxyPathValidator.java:972)
	at sun.reflect.NativeMethodAccessorImpl.invoke0(Native Method)
	at sun.reflect.NativeMethodAccessorImpl.invoke(NativeMethodAccessorImpl.java:39)
	at sun.reflect.DelegatingMethodAccessorImpl.invoke(DelegatingMethodAccessorImpl.java:25)
	at java.lang.reflect.Method.invoke(Method.java:585)
	at org.testng.internal.MethodHelper.invokeMethod(MethodHelper.java:607)
	at org.testng.internal.Invoker.invokeMethod(Invoker.java:517)
	at org.testng.internal.Invoker.invokeTestMethod(Invoker.java:669)
	at org.testng.internal.Invoker.invokeTestMethods(Invoker.java:956)
	at org.testng.internal.TestMethodWorker.invokeTestMethods(TestMethodWorker.java:126)
	at org.testng.internal.TestMethodWorker.run(TestMethodWorker.java:110)
	at org.testng.TestRunner.runWorkers(TestRunner.java:759)
	at org.testng.TestRunner.privateRun(TestRunner.java:592)
	at org.testng.TestRunner.run(TestRunner.java:486)
	at org.testng.SuiteRunner.runTest(SuiteRunner.java:332)
	at org.testng.SuiteRunner.runSequentially(SuiteRunner.java:327)
	at org.testng.SuiteRunner.privateRun(SuiteRunner.java:299)
	at org.testng.SuiteRunner.run(SuiteRunner.java:204)
	at org.testng.TestNG.createAndRunSuiteRunners(TestNG.java:867)
	at org.testng.TestNG.runSuitesLocally(TestNG.java:832)
	at org.testng.TestNG.run(TestNG.java:748)
	at org.testng.remote.RemoteTestNG.run(RemoteTestNG.java:73)
	at org.testng.RemoteTestNGStarter.main(RemoteTestNGStarter.java:79)
Caused by: java.security.cert.CertificateExpiredException: certificate expired on 20090215235910GMT+00:00
	at org.bouncycastle.jce.provider.X509CertificateObject.checkValidity(Unknown Source)
	at org.bouncycastle.jce.provider.X509CertificateObject.checkValidity(Unknown Source)
	at org.globus.security.provider.DateValidityChecker.isValid(DateValidityChecker.java:25)
	... 30 more
</pre></div></td>
</tr>
<tr>
<td title='org.globus.security.provider.TestProxyPathValidator.testKeyUsage()'>testKeyUsage</td>
<td>0</td>
<td><div><pre>java.security.cert.CertPathValidatorException: Certificate O=doesciencegrid.org,OU=People,CN=Vijaya Lakshmi Natarajan 17908,CN=proxy expired
	at org.globus.security.provider.DateValidityChecker.isValid(DateValidityChecker.java:27)
	at org.globus.security.provider.X509ProxyCertPathValidator.checkCertificate(X509ProxyCertPathValidator.java:712)
	at org.globus.security.provider.X509ProxyCertPathValidator.validate(X509ProxyCertPathValidator.java:217)
	at org.globus.security.provider.X509ProxyCertPathValidator.engineValidate(X509ProxyCertPathValidator.java:136)
	at org.globus.security.provider.TestProxyPathValidator$MockProxyCertPathValidator.engineValidate(TestProxyPathValidator.java:1089)
	at org.globus.security.provider.TestProxyPathValidator.validateChain(TestProxyPathValidator.java:349)
	at org.globus.security.provider.TestProxyPathValidator.validateChain(TestProxyPathValidator.java:331)
	at org.globus.security.provider.TestProxyPathValidator.validateChain(TestProxyPathValidator.java:316)
	at org.globus.security.provider.TestProxyPathValidator.testKeyUsage(TestProxyPathValidator.java:921)
Caused by: java.security.cert.CertificateExpiredException: certificate expired on 20030118101622GMT+00:00
	at org.bouncycastle.jce.provider.X509CertificateObject.checkValidity(Unknown Source)
	at org.bouncycastle.jce.provider.X509CertificateObject.checkValidity(Unknown Source)
	at org.globus.security.provider.DateValidityChecker.isValid(DateValidityChecker.java:25)
	... 30 more
... Removed 22 stack frames</pre></div><a href='#' onClick='toggleBox("stack-trace3288701", this, "Click to show all stack frames", "Click to hide stack frames")'>Click to show all stack frames</a>
<div class='stack-trace' id='stack-trace3288701'><pre>java.security.cert.CertPathValidatorException: Certificate O=doesciencegrid.org,OU=People,CN=Vijaya Lakshmi Natarajan 17908,CN=proxy expired
	at org.globus.security.provider.DateValidityChecker.isValid(DateValidityChecker.java:27)
	at org.globus.security.provider.X509ProxyCertPathValidator.checkCertificate(X509ProxyCertPathValidator.java:712)
	at org.globus.security.provider.X509ProxyCertPathValidator.validate(X509ProxyCertPathValidator.java:217)
	at org.globus.security.provider.X509ProxyCertPathValidator.engineValidate(X509ProxyCertPathValidator.java:136)
	at org.globus.security.provider.TestProxyPathValidator$MockProxyCertPathValidator.engineValidate(TestProxyPathValidator.java:1089)
	at org.globus.security.provider.TestProxyPathValidator.validateChain(TestProxyPathValidator.java:349)
	at org.globus.security.provider.TestProxyPathValidator.validateChain(TestProxyPathValidator.java:331)
	at org.globus.security.provider.TestProxyPathValidator.validateChain(TestProxyPathValidator.java:316)
	at org.globus.security.provider.TestProxyPathValidator.testKeyUsage(TestProxyPathValidator.java:921)
	at sun.reflect.NativeMethodAccessorImpl.invoke0(Native Method)
	at sun.reflect.NativeMethodAccessorImpl.invoke(NativeMethodAccessorImpl.java:39)
	at sun.reflect.DelegatingMethodAccessorImpl.invoke(DelegatingMethodAccessorImpl.java:25)
	at java.lang.reflect.Method.invoke(Method.java:585)
	at org.testng.internal.MethodHelper.invokeMethod(MethodHelper.java:607)
	at org.testng.internal.Invoker.invokeMethod(Invoker.java:517)
	at org.testng.internal.Invoker.invokeTestMethod(Invoker.java:669)
	at org.testng.internal.Invoker.invokeTestMethods(Invoker.java:956)
	at org.testng.internal.TestMethodWorker.invokeTestMethods(TestMethodWorker.java:126)
	at org.testng.internal.TestMethodWorker.run(TestMethodWorker.java:110)
	at org.testng.TestRunner.runWorkers(TestRunner.java:759)
	at org.testng.TestRunner.privateRun(TestRunner.java:592)
	at org.testng.TestRunner.run(TestRunner.java:486)
	at org.testng.SuiteRunner.runTest(SuiteRunner.java:332)
	at org.testng.SuiteRunner.runSequentially(SuiteRunner.java:327)
	at org.testng.SuiteRunner.privateRun(SuiteRunner.java:299)
	at org.testng.SuiteRunner.run(SuiteRunner.java:204)
	at org.testng.TestNG.createAndRunSuiteRunners(TestNG.java:867)
	at org.testng.TestNG.runSuitesLocally(TestNG.java:832)
	at org.testng.TestNG.run(TestNG.java:748)
	at org.testng.remote.RemoteTestNG.run(RemoteTestNG.java:73)
	at org.testng.RemoteTestNGStarter.main(RemoteTestNGStarter.java:79)
Caused by: java.security.cert.CertificateExpiredException: certificate expired on 20030118101622GMT+00:00
	at org.bouncycastle.jce.provider.X509CertificateObject.checkValidity(Unknown Source)
	at org.bouncycastle.jce.provider.X509CertificateObject.checkValidity(Unknown Source)
	at org.globus.security.provider.DateValidityChecker.isValid(DateValidityChecker.java:25)
	... 30 more
</pre></div></td>
</tr>
<tr>
<td title='org.globus.security.provider.TestProxyPathValidator.testNoBasicConstraintsExtension()'>testNoBasicConstraintsExtension</td>
<td>0</td>
<td><div><pre>java.lang.NullPointerException
	at org.globus.security.provider.TestProxyPathValidator$TestPolicyStore.getSigningPolicy(TestProxyPathValidator.java:1112)
	at org.globus.security.provider.SigningPolicyChecker.isValid(SigningPolicyChecker.java:51)
	at org.globus.security.provider.X509ProxyCertPathValidator.checkCertificate(X509ProxyCertPathValidator.java:712)
	at org.globus.security.provider.X509ProxyCertPathValidator.validate(X509ProxyCertPathValidator.java:217)
	at org.globus.security.provider.X509ProxyCertPathValidator.engineValidate(X509ProxyCertPathValidator.java:136)
	at org.globus.security.provider.TestProxyPathValidator$MockProxyCertPathValidator.engineValidate(TestProxyPathValidator.java:1089)
	at org.globus.security.provider.TestProxyPathValidator.validateChain(TestProxyPathValidator.java:349)
	at org.globus.security.provider.TestProxyPathValidator.validateChain(TestProxyPathValidator.java:331)
	at org.globus.security.provider.TestProxyPathValidator.validateChain(TestProxyPathValidator.java:316)
	at org.globus.security.provider.TestProxyPathValidator.testNoBasicConstraintsExtension(TestProxyPathValidator.java:950)
... Removed 22 stack frames</pre></div><a href='#' onClick='toggleBox("stack-trace13912809", this, "Click to show all stack frames", "Click to hide stack frames")'>Click to show all stack frames</a>
<div class='stack-trace' id='stack-trace13912809'><pre>java.lang.NullPointerException
	at org.globus.security.provider.TestProxyPathValidator$TestPolicyStore.getSigningPolicy(TestProxyPathValidator.java:1112)
	at org.globus.security.provider.SigningPolicyChecker.isValid(SigningPolicyChecker.java:51)
	at org.globus.security.provider.X509ProxyCertPathValidator.checkCertificate(X509ProxyCertPathValidator.java:712)
	at org.globus.security.provider.X509ProxyCertPathValidator.validate(X509ProxyCertPathValidator.java:217)
	at org.globus.security.provider.X509ProxyCertPathValidator.engineValidate(X509ProxyCertPathValidator.java:136)
	at org.globus.security.provider.TestProxyPathValidator$MockProxyCertPathValidator.engineValidate(TestProxyPathValidator.java:1089)
	at org.globus.security.provider.TestProxyPathValidator.validateChain(TestProxyPathValidator.java:349)
	at org.globus.security.provider.TestProxyPathValidator.validateChain(TestProxyPathValidator.java:331)
	at org.globus.security.provider.TestProxyPathValidator.validateChain(TestProxyPathValidator.java:316)
	at org.globus.security.provider.TestProxyPathValidator.testNoBasicConstraintsExtension(TestProxyPathValidator.java:950)
	at sun.reflect.NativeMethodAccessorImpl.invoke0(Native Method)
	at sun.reflect.NativeMethodAccessorImpl.invoke(NativeMethodAccessorImpl.java:39)
	at sun.reflect.DelegatingMethodAccessorImpl.invoke(DelegatingMethodAccessorImpl.java:25)
	at java.lang.reflect.Method.invoke(Method.java:585)
	at org.testng.internal.MethodHelper.invokeMethod(MethodHelper.java:607)
	at org.testng.internal.Invoker.invokeMethod(Invoker.java:517)
	at org.testng.internal.Invoker.invokeTestMethod(Invoker.java:669)
	at org.testng.internal.Invoker.invokeTestMethods(Invoker.java:956)
	at org.testng.internal.TestMethodWorker.invokeTestMethods(TestMethodWorker.java:126)
	at org.testng.internal.TestMethodWorker.run(TestMethodWorker.java:110)
	at org.testng.TestRunner.runWorkers(TestRunner.java:759)
	at org.testng.TestRunner.privateRun(TestRunner.java:592)
	at org.testng.TestRunner.run(TestRunner.java:486)
	at org.testng.SuiteRunner.runTest(SuiteRunner.java:332)
	at org.testng.SuiteRunner.runSequentially(SuiteRunner.java:327)
	at org.testng.SuiteRunner.privateRun(SuiteRunner.java:299)
	at org.testng.SuiteRunner.run(SuiteRunner.java:204)
	at org.testng.TestNG.createAndRunSuiteRunners(TestNG.java:867)
	at org.testng.TestNG.runSuitesLocally(TestNG.java:832)
	at org.testng.TestNG.run(TestNG.java:748)
	at org.testng.remote.RemoteTestNG.run(RemoteTestNG.java:73)
	at org.testng.RemoteTestNGStarter.main(RemoteTestNGStarter.java:79)
</pre></div></td>
</tr>
<tr>
<td title='org.globus.security.provider.TestProxyPathValidator.validateGsi2PathGood()'>validateGsi2PathGood</td>
<td>1</td>
<td><div><pre>java.lang.NullPointerException
	at org.globus.security.provider.TestProxyPathValidator$TestPolicyStore.getSigningPolicy(TestProxyPathValidator.java:1112)
	at org.globus.security.provider.SigningPolicyChecker.isValid(SigningPolicyChecker.java:51)
	at org.globus.security.provider.X509ProxyCertPathValidator.checkCertificate(X509ProxyCertPathValidator.java:712)
	at org.globus.security.provider.X509ProxyCertPathValidator.validate(X509ProxyCertPathValidator.java:217)
	at org.globus.security.provider.X509ProxyCertPathValidator.engineValidate(X509ProxyCertPathValidator.java:136)
	at org.globus.security.provider.TestProxyPathValidator$MockProxyCertPathValidator.engineValidate(TestProxyPathValidator.java:1089)
	at org.globus.security.provider.TestProxyPathValidator.validateChain(TestProxyPathValidator.java:349)
	at org.globus.security.provider.TestProxyPathValidator.validateGsi2PathGood(TestProxyPathValidator.java:458)
... Removed 22 stack frames</pre></div><a href='#' onClick='toggleBox("stack-trace771017", this, "Click to show all stack frames", "Click to hide stack frames")'>Click to show all stack frames</a>
<div class='stack-trace' id='stack-trace771017'><pre>java.lang.NullPointerException
	at org.globus.security.provider.TestProxyPathValidator$TestPolicyStore.getSigningPolicy(TestProxyPathValidator.java:1112)
	at org.globus.security.provider.SigningPolicyChecker.isValid(SigningPolicyChecker.java:51)
	at org.globus.security.provider.X509ProxyCertPathValidator.checkCertificate(X509ProxyCertPathValidator.java:712)
	at org.globus.security.provider.X509ProxyCertPathValidator.validate(X509ProxyCertPathValidator.java:217)
	at org.globus.security.provider.X509ProxyCertPathValidator.engineValidate(X509ProxyCertPathValidator.java:136)
	at org.globus.security.provider.TestProxyPathValidator$MockProxyCertPathValidator.engineValidate(TestProxyPathValidator.java:1089)
	at org.globus.security.provider.TestProxyPathValidator.validateChain(TestProxyPathValidator.java:349)
	at org.globus.security.provider.TestProxyPathValidator.validateGsi2PathGood(TestProxyPathValidator.java:458)
	at sun.reflect.NativeMethodAccessorImpl.invoke0(Native Method)
	at sun.reflect.NativeMethodAccessorImpl.invoke(NativeMethodAccessorImpl.java:39)
	at sun.reflect.DelegatingMethodAccessorImpl.invoke(DelegatingMethodAccessorImpl.java:25)
	at java.lang.reflect.Method.invoke(Method.java:585)
	at org.testng.internal.MethodHelper.invokeMethod(MethodHelper.java:607)
	at org.testng.internal.Invoker.invokeMethod(Invoker.java:517)
	at org.testng.internal.Invoker.invokeTestMethod(Invoker.java:669)
	at org.testng.internal.Invoker.invokeTestMethods(Invoker.java:956)
	at org.testng.internal.TestMethodWorker.invokeTestMethods(TestMethodWorker.java:126)
	at org.testng.internal.TestMethodWorker.run(TestMethodWorker.java:110)
	at org.testng.TestRunner.runWorkers(TestRunner.java:759)
	at org.testng.TestRunner.privateRun(TestRunner.java:592)
	at org.testng.TestRunner.run(TestRunner.java:486)
	at org.testng.SuiteRunner.runTest(SuiteRunner.java:332)
	at org.testng.SuiteRunner.runSequentially(SuiteRunner.java:327)
	at org.testng.SuiteRunner.privateRun(SuiteRunner.java:299)
	at org.testng.SuiteRunner.run(SuiteRunner.java:204)
	at org.testng.TestNG.createAndRunSuiteRunners(TestNG.java:867)
	at org.testng.TestNG.runSuitesLocally(TestNG.java:832)
	at org.testng.TestNG.run(TestNG.java:748)
	at org.testng.remote.RemoteTestNG.run(RemoteTestNG.java:73)
	at org.testng.RemoteTestNGStarter.main(RemoteTestNGStarter.java:79)
</pre></div></td>
</tr>
<tr>
<td title='org.globus.security.provider.TestProxyPathValidator.validateGsi3PathGood()'>validateGsi3PathGood</td>
<td>2</td>
<td><div><pre>java.security.cert.CertPathValidatorException: Certificate C=TestCA1,CN=EEC1,CN=1137184420 expired
	at org.globus.security.provider.DateValidityChecker.isValid(DateValidityChecker.java:27)
	at org.globus.security.provider.X509ProxyCertPathValidator.checkCertificate(X509ProxyCertPathValidator.java:712)
	at org.globus.security.provider.X509ProxyCertPathValidator.validate(X509ProxyCertPathValidator.java:217)
	at org.globus.security.provider.X509ProxyCertPathValidator.engineValidate(X509ProxyCertPathValidator.java:136)
	at org.globus.security.provider.TestProxyPathValidator$MockProxyCertPathValidator.engineValidate(TestProxyPathValidator.java:1089)
	at org.globus.security.provider.TestProxyPathValidator.validateChain(TestProxyPathValidator.java:349)
	at org.globus.security.provider.TestProxyPathValidator.validateGsi3PathGood(TestProxyPathValidator.java:581)
Caused by: java.security.cert.CertificateExpiredException: certificate expired on 20090929033107GMT+00:00
	at org.bouncycastle.jce.provider.X509CertificateObject.checkValidity(Unknown Source)
	at org.bouncycastle.jce.provider.X509CertificateObject.checkValidity(Unknown Source)
	at org.globus.security.provider.DateValidityChecker.isValid(DateValidityChecker.java:25)
	... 28 more
... Removed 22 stack frames</pre></div><a href='#' onClick='toggleBox("stack-trace11727574", this, "Click to show all stack frames", "Click to hide stack frames")'>Click to show all stack frames</a>
<div class='stack-trace' id='stack-trace11727574'><pre>java.security.cert.CertPathValidatorException: Certificate C=TestCA1,CN=EEC1,CN=1137184420 expired
	at org.globus.security.provider.DateValidityChecker.isValid(DateValidityChecker.java:27)
	at org.globus.security.provider.X509ProxyCertPathValidator.checkCertificate(X509ProxyCertPathValidator.java:712)
	at org.globus.security.provider.X509ProxyCertPathValidator.validate(X509ProxyCertPathValidator.java:217)
	at org.globus.security.provider.X509ProxyCertPathValidator.engineValidate(X509ProxyCertPathValidator.java:136)
	at org.globus.security.provider.TestProxyPathValidator$MockProxyCertPathValidator.engineValidate(TestProxyPathValidator.java:1089)
	at org.globus.security.provider.TestProxyPathValidator.validateChain(TestProxyPathValidator.java:349)
	at org.globus.security.provider.TestProxyPathValidator.validateGsi3PathGood(TestProxyPathValidator.java:581)
	at sun.reflect.NativeMethodAccessorImpl.invoke0(Native Method)
	at sun.reflect.NativeMethodAccessorImpl.invoke(NativeMethodAccessorImpl.java:39)
	at sun.reflect.DelegatingMethodAccessorImpl.invoke(DelegatingMethodAccessorImpl.java:25)
	at java.lang.reflect.Method.invoke(Method.java:585)
	at org.testng.internal.MethodHelper.invokeMethod(MethodHelper.java:607)
	at org.testng.internal.Invoker.invokeMethod(Invoker.java:517)
	at org.testng.internal.Invoker.invokeTestMethod(Invoker.java:669)
	at org.testng.internal.Invoker.invokeTestMethods(Invoker.java:956)
	at org.testng.internal.TestMethodWorker.invokeTestMethods(TestMethodWorker.java:126)
	at org.testng.internal.TestMethodWorker.run(TestMethodWorker.java:110)
	at org.testng.TestRunner.runWorkers(TestRunner.java:759)
	at org.testng.TestRunner.privateRun(TestRunner.java:592)
	at org.testng.TestRunner.run(TestRunner.java:486)
	at org.testng.SuiteRunner.runTest(SuiteRunner.java:332)
	at org.testng.SuiteRunner.runSequentially(SuiteRunner.java:327)
	at org.testng.SuiteRunner.privateRun(SuiteRunner.java:299)
	at org.testng.SuiteRunner.run(SuiteRunner.java:204)
	at org.testng.TestNG.createAndRunSuiteRunners(TestNG.java:867)
	at org.testng.TestNG.runSuitesLocally(TestNG.java:832)
	at org.testng.TestNG.run(TestNG.java:748)
	at org.testng.remote.RemoteTestNG.run(RemoteTestNG.java:73)
	at org.testng.RemoteTestNGStarter.main(RemoteTestNGStarter.java:79)
Caused by: java.security.cert.CertificateExpiredException: certificate expired on 20090929033107GMT+00:00
	at org.bouncycastle.jce.provider.X509CertificateObject.checkValidity(Unknown Source)
	at org.bouncycastle.jce.provider.X509CertificateObject.checkValidity(Unknown Source)
	at org.globus.security.provider.DateValidityChecker.isValid(DateValidityChecker.java:25)
	... 28 more
</pre></div></td>
</tr>
<tr>
<td title='org.globus.security.provider.TestProxyPathValidator.validatePathCAPathConstraint()'>validatePathCAPathConstraint</td>
<td>4</td>
<td><div><pre>java.security.cert.CertPathValidatorException: Certificate DC=gov,DC=fnal,O=Fermilab,OU=People,CN=Vijay . Sekhri,UID=sekhri expired
	at org.globus.security.provider.DateValidityChecker.isValid(DateValidityChecker.java:27)
	at org.globus.security.provider.X509ProxyCertPathValidator.checkCertificate(X509ProxyCertPathValidator.java:712)
	at org.globus.security.provider.X509ProxyCertPathValidator.validate(X509ProxyCertPathValidator.java:217)
	at org.globus.security.provider.X509ProxyCertPathValidator.engineValidate(X509ProxyCertPathValidator.java:136)
	at org.globus.security.provider.TestProxyPathValidator$MockProxyCertPathValidator.engineValidate(TestProxyPathValidator.java:1089)
	at org.globus.security.provider.TestProxyPathValidator.validateChain(TestProxyPathValidator.java:349)
	at org.globus.security.provider.TestProxyPathValidator.validateChain(TestProxyPathValidator.java:331)
	at org.globus.security.provider.TestProxyPathValidator.validateChain(TestProxyPathValidator.java:316)
	at org.globus.security.provider.TestProxyPathValidator.validatePathCAPathConstraint(TestProxyPathValidator.java:834)
Caused by: java.security.cert.CertificateExpiredException: certificate expired on 20030424200032GMT+00:00
	at org.bouncycastle.jce.provider.X509CertificateObject.checkValidity(Unknown Source)
	at org.bouncycastle.jce.provider.X509CertificateObject.checkValidity(Unknown Source)
	at org.globus.security.provider.DateValidityChecker.isValid(DateValidityChecker.java:25)
	... 30 more
... Removed 22 stack frames</pre></div><a href='#' onClick='toggleBox("stack-trace1417880", this, "Click to show all stack frames", "Click to hide stack frames")'>Click to show all stack frames</a>
<div class='stack-trace' id='stack-trace1417880'><pre>java.security.cert.CertPathValidatorException: Certificate DC=gov,DC=fnal,O=Fermilab,OU=People,CN=Vijay . Sekhri,UID=sekhri expired
	at org.globus.security.provider.DateValidityChecker.isValid(DateValidityChecker.java:27)
	at org.globus.security.provider.X509ProxyCertPathValidator.checkCertificate(X509ProxyCertPathValidator.java:712)
	at org.globus.security.provider.X509ProxyCertPathValidator.validate(X509ProxyCertPathValidator.java:217)
	at org.globus.security.provider.X509ProxyCertPathValidator.engineValidate(X509ProxyCertPathValidator.java:136)
	at org.globus.security.provider.TestProxyPathValidator$MockProxyCertPathValidator.engineValidate(TestProxyPathValidator.java:1089)
	at org.globus.security.provider.TestProxyPathValidator.validateChain(TestProxyPathValidator.java:349)
	at org.globus.security.provider.TestProxyPathValidator.validateChain(TestProxyPathValidator.java:331)
	at org.globus.security.provider.TestProxyPathValidator.validateChain(TestProxyPathValidator.java:316)
	at org.globus.security.provider.TestProxyPathValidator.validatePathCAPathConstraint(TestProxyPathValidator.java:834)
	at sun.reflect.NativeMethodAccessorImpl.invoke0(Native Method)
	at sun.reflect.NativeMethodAccessorImpl.invoke(NativeMethodAccessorImpl.java:39)
	at sun.reflect.DelegatingMethodAccessorImpl.invoke(DelegatingMethodAccessorImpl.java:25)
	at java.lang.reflect.Method.invoke(Method.java:585)
	at org.testng.internal.MethodHelper.invokeMethod(MethodHelper.java:607)
	at org.testng.internal.Invoker.invokeMethod(Invoker.java:517)
	at org.testng.internal.Invoker.invokeTestMethod(Invoker.java:669)
	at org.testng.internal.Invoker.invokeTestMethods(Invoker.java:956)
	at org.testng.internal.TestMethodWorker.invokeTestMethods(TestMethodWorker.java:126)
	at org.testng.internal.TestMethodWorker.run(TestMethodWorker.java:110)
	at org.testng.TestRunner.runWorkers(TestRunner.java:759)
	at org.testng.TestRunner.privateRun(TestRunner.java:592)
	at org.testng.TestRunner.run(TestRunner.java:486)
	at org.testng.SuiteRunner.runTest(SuiteRunner.java:332)
	at org.testng.SuiteRunner.runSequentially(SuiteRunner.java:327)
	at org.testng.SuiteRunner.privateRun(SuiteRunner.java:299)
	at org.testng.SuiteRunner.run(SuiteRunner.java:204)
	at org.testng.TestNG.createAndRunSuiteRunners(TestNG.java:867)
	at org.testng.TestNG.runSuitesLocally(TestNG.java:832)
	at org.testng.TestNG.run(TestNG.java:748)
	at org.testng.remote.RemoteTestNG.run(RemoteTestNG.java:73)
	at org.testng.RemoteTestNGStarter.main(RemoteTestNGStarter.java:79)
Caused by: java.security.cert.CertificateExpiredException: certificate expired on 20030424200032GMT+00:00
	at org.bouncycastle.jce.provider.X509CertificateObject.checkValidity(Unknown Source)
	at org.bouncycastle.jce.provider.X509CertificateObject.checkValidity(Unknown Source)
	at org.globus.security.provider.DateValidityChecker.isValid(DateValidityChecker.java:25)
	... 30 more
</pre></div></td>
</tr>
<tr>
<td title='org.globus.security.provider.TestProxyPathValidator.validatePathMixedProxy()'>validatePathMixedProxy</td>
<td>0</td>
<td><div><pre>java.lang.AssertionError
	at org.globus.security.provider.TestProxyPathValidator.validateError(TestProxyPathValidator.java:390)
	at org.globus.security.provider.TestProxyPathValidator.validatePathMixedProxy(TestProxyPathValidator.java:762)
... Removed 22 stack frames</pre></div><a href='#' onClick='toggleBox("stack-trace10250203", this, "Click to show all stack frames", "Click to hide stack frames")'>Click to show all stack frames</a>
<div class='stack-trace' id='stack-trace10250203'><pre>java.lang.AssertionError
	at org.globus.security.provider.TestProxyPathValidator.validateError(TestProxyPathValidator.java:390)
	at org.globus.security.provider.TestProxyPathValidator.validatePathMixedProxy(TestProxyPathValidator.java:762)
	at sun.reflect.NativeMethodAccessorImpl.invoke0(Native Method)
	at sun.reflect.NativeMethodAccessorImpl.invoke(NativeMethodAccessorImpl.java:39)
	at sun.reflect.DelegatingMethodAccessorImpl.invoke(DelegatingMethodAccessorImpl.java:25)
	at java.lang.reflect.Method.invoke(Method.java:585)
	at org.testng.internal.MethodHelper.invokeMethod(MethodHelper.java:607)
	at org.testng.internal.Invoker.invokeMethod(Invoker.java:517)
	at org.testng.internal.Invoker.invokeTestMethod(Invoker.java:669)
	at org.testng.internal.Invoker.invokeTestMethods(Invoker.java:956)
	at org.testng.internal.TestMethodWorker.invokeTestMethods(TestMethodWorker.java:126)
	at org.testng.internal.TestMethodWorker.run(TestMethodWorker.java:110)
	at org.testng.TestRunner.runWorkers(TestRunner.java:759)
	at org.testng.TestRunner.privateRun(TestRunner.java:592)
	at org.testng.TestRunner.run(TestRunner.java:486)
	at org.testng.SuiteRunner.runTest(SuiteRunner.java:332)
	at org.testng.SuiteRunner.runSequentially(SuiteRunner.java:327)
	at org.testng.SuiteRunner.privateRun(SuiteRunner.java:299)
	at org.testng.SuiteRunner.run(SuiteRunner.java:204)
	at org.testng.TestNG.createAndRunSuiteRunners(TestNG.java:867)
	at org.testng.TestNG.runSuitesLocally(TestNG.java:832)
	at org.testng.TestNG.run(TestNG.java:748)
	at org.testng.remote.RemoteTestNG.run(RemoteTestNG.java:73)
	at org.testng.RemoteTestNGStarter.main(RemoteTestNGStarter.java:79)
</pre></div></td>
</tr>
<tr>
<td title='org.globus.security.provider.TestProxyPathValidator.validatePathProxyPathConstraint()'>validatePathProxyPathConstraint</td>
<td>0</td>
<td><div><pre>java.security.cert.CertPathValidatorException: Certificate C=TestCA1,CN=EEC1,CN=1352712353 expired
	at org.globus.security.provider.DateValidityChecker.isValid(DateValidityChecker.java:27)
	at org.globus.security.provider.X509ProxyCertPathValidator.checkCertificate(X509ProxyCertPathValidator.java:712)
	at org.globus.security.provider.X509ProxyCertPathValidator.validate(X509ProxyCertPathValidator.java:217)
	at org.globus.security.provider.X509ProxyCertPathValidator.engineValidate(X509ProxyCertPathValidator.java:136)
	at org.globus.security.provider.TestProxyPathValidator$MockProxyCertPathValidator.engineValidate(TestProxyPathValidator.java:1089)
	at org.globus.security.provider.TestProxyPathValidator.validateChain(TestProxyPathValidator.java:349)
	at org.globus.security.provider.TestProxyPathValidator.validateChain(TestProxyPathValidator.java:331)
	at org.globus.security.provider.TestProxyPathValidator.validateChain(TestProxyPathValidator.java:316)
	at org.globus.security.provider.TestProxyPathValidator.validatePathProxyPathConstraint(TestProxyPathValidator.java:791)
Caused by: java.security.cert.CertificateExpiredException: certificate expired on 20090929033111GMT+00:00
	at org.bouncycastle.jce.provider.X509CertificateObject.checkValidity(Unknown Source)
	at org.bouncycastle.jce.provider.X509CertificateObject.checkValidity(Unknown Source)
	at org.globus.security.provider.DateValidityChecker.isValid(DateValidityChecker.java:25)
	... 30 more
... Removed 22 stack frames</pre></div><a href='#' onClick='toggleBox("stack-trace15657709", this, "Click to show all stack frames", "Click to hide stack frames")'>Click to show all stack frames</a>
<div class='stack-trace' id='stack-trace15657709'><pre>java.security.cert.CertPathValidatorException: Certificate C=TestCA1,CN=EEC1,CN=1352712353 expired
	at org.globus.security.provider.DateValidityChecker.isValid(DateValidityChecker.java:27)
	at org.globus.security.provider.X509ProxyCertPathValidator.checkCertificate(X509ProxyCertPathValidator.java:712)
	at org.globus.security.provider.X509ProxyCertPathValidator.validate(X509ProxyCertPathValidator.java:217)
	at org.globus.security.provider.X509ProxyCertPathValidator.engineValidate(X509ProxyCertPathValidator.java:136)
	at org.globus.security.provider.TestProxyPathValidator$MockProxyCertPathValidator.engineValidate(TestProxyPathValidator.java:1089)
	at org.globus.security.provider.TestProxyPathValidator.validateChain(TestProxyPathValidator.java:349)
	at org.globus.security.provider.TestProxyPathValidator.validateChain(TestProxyPathValidator.java:331)
	at org.globus.security.provider.TestProxyPathValidator.validateChain(TestProxyPathValidator.java:316)
	at org.globus.security.provider.TestProxyPathValidator.validatePathProxyPathConstraint(TestProxyPathValidator.java:791)
	at sun.reflect.NativeMethodAccessorImpl.invoke0(Native Method)
	at sun.reflect.NativeMethodAccessorImpl.invoke(NativeMethodAccessorImpl.java:39)
	at sun.reflect.DelegatingMethodAccessorImpl.invoke(DelegatingMethodAccessorImpl.java:25)
	at java.lang.reflect.Method.invoke(Method.java:585)
	at org.testng.internal.MethodHelper.invokeMethod(MethodHelper.java:607)
	at org.testng.internal.Invoker.invokeMethod(Invoker.java:517)
	at org.testng.internal.Invoker.invokeTestMethod(Invoker.java:669)
	at org.testng.internal.Invoker.invokeTestMethods(Invoker.java:956)
	at org.testng.internal.TestMethodWorker.invokeTestMethods(TestMethodWorker.java:126)
	at org.testng.internal.TestMethodWorker.run(TestMethodWorker.java:110)
	at org.testng.TestRunner.runWorkers(TestRunner.java:759)
	at org.testng.TestRunner.privateRun(TestRunner.java:592)
	at org.testng.TestRunner.run(TestRunner.java:486)
	at org.testng.SuiteRunner.runTest(SuiteRunner.java:332)
	at org.testng.SuiteRunner.runSequentially(SuiteRunner.java:327)
	at org.testng.SuiteRunner.privateRun(SuiteRunner.java:299)
	at org.testng.SuiteRunner.run(SuiteRunner.java:204)
	at org.testng.TestNG.createAndRunSuiteRunners(TestNG.java:867)
	at org.testng.TestNG.runSuitesLocally(TestNG.java:832)
	at org.testng.TestNG.run(TestNG.java:748)
	at org.testng.remote.RemoteTestNG.run(RemoteTestNG.java:73)
	at org.testng.RemoteTestNGStarter.main(RemoteTestNGStarter.java:79)
Caused by: java.security.cert.CertificateExpiredException: certificate expired on 20090929033111GMT+00:00
	at org.bouncycastle.jce.provider.X509CertificateObject.checkValidity(Unknown Source)
	at org.bouncycastle.jce.provider.X509CertificateObject.checkValidity(Unknown Source)
	at org.globus.security.provider.DateValidityChecker.isValid(DateValidityChecker.java:25)
	... 30 more
</pre></div></td>
</tr>
<tr>
<td title='org.globus.security.provider.TestProxyPathValidator.validatePathWithRestrictedProxy()'>validatePathWithRestrictedProxy</td>
<td>1</td>
<td><div><pre>java.lang.AssertionError
	at org.globus.security.provider.TestProxyPathValidator.validateError(TestProxyPathValidator.java:390)
	at org.globus.security.provider.TestProxyPathValidator.validatePathWithRestrictedProxy(TestProxyPathValidator.java:671)
... Removed 22 stack frames</pre></div><a href='#' onClick='toggleBox("stack-trace14468322", this, "Click to show all stack frames", "Click to hide stack frames")'>Click to show all stack frames</a>
<div class='stack-trace' id='stack-trace14468322'><pre>java.lang.AssertionError
	at org.globus.security.provider.TestProxyPathValidator.validateError(TestProxyPathValidator.java:390)
	at org.globus.security.provider.TestProxyPathValidator.validatePathWithRestrictedProxy(TestProxyPathValidator.java:671)
	at sun.reflect.NativeMethodAccessorImpl.invoke0(Native Method)
	at sun.reflect.NativeMethodAccessorImpl.invoke(NativeMethodAccessorImpl.java:39)
	at sun.reflect.DelegatingMethodAccessorImpl.invoke(DelegatingMethodAccessorImpl.java:25)
	at java.lang.reflect.Method.invoke(Method.java:585)
	at org.testng.internal.MethodHelper.invokeMethod(MethodHelper.java:607)
	at org.testng.internal.Invoker.invokeMethod(Invoker.java:517)
	at org.testng.internal.Invoker.invokeTestMethod(Invoker.java:669)
	at org.testng.internal.Invoker.invokeTestMethods(Invoker.java:956)
	at org.testng.internal.TestMethodWorker.invokeTestMethods(TestMethodWorker.java:126)
	at org.testng.internal.TestMethodWorker.run(TestMethodWorker.java:110)
	at org.testng.TestRunner.runWorkers(TestRunner.java:759)
	at org.testng.TestRunner.privateRun(TestRunner.java:592)
	at org.testng.TestRunner.run(TestRunner.java:486)
	at org.testng.SuiteRunner.runTest(SuiteRunner.java:332)
	at org.testng.SuiteRunner.runSequentially(SuiteRunner.java:327)
	at org.testng.SuiteRunner.privateRun(SuiteRunner.java:299)
	at org.testng.SuiteRunner.run(SuiteRunner.java:204)
	at org.testng.TestNG.createAndRunSuiteRunners(TestNG.java:867)
	at org.testng.TestNG.runSuitesLocally(TestNG.java:832)
	at org.testng.TestNG.run(TestNG.java:748)
	at org.testng.remote.RemoteTestNG.run(RemoteTestNG.java:73)
	at org.testng.RemoteTestNGStarter.main(RemoteTestNGStarter.java:79)
</pre></div></td>
</tr>
<tr>
<td title='org.globus.security.provider.TestProxyPathValidator.validateRejectLimitedCheck()'>validateRejectLimitedCheck</td>
<td>29</td>
<td><div><pre>java.security.cert.CertPathValidatorException: Certificate C=TestCA1,CN=EEC1,CN=limited proxy expired
	at org.globus.security.provider.DateValidityChecker.isValid(DateValidityChecker.java:27)
	at org.globus.security.provider.X509ProxyCertPathValidator.checkCertificate(X509ProxyCertPathValidator.java:712)
	at org.globus.security.provider.X509ProxyCertPathValidator.validate(X509ProxyCertPathValidator.java:217)
	at org.globus.security.provider.X509ProxyCertPathValidator.engineValidate(X509ProxyCertPathValidator.java:136)
	at org.globus.security.provider.TestProxyPathValidator$MockProxyCertPathValidator.engineValidate(TestProxyPathValidator.java:1089)
	at org.globus.security.provider.TestProxyPathValidator.validateChain(TestProxyPathValidator.java:349)
	at org.globus.security.provider.TestProxyPathValidator.validateRejectLimitedCheck(TestProxyPathValidator.java:514)
Caused by: java.security.cert.CertificateExpiredException: certificate expired on 20090929033105GMT+00:00
	at org.bouncycastle.jce.provider.X509CertificateObject.checkValidity(Unknown Source)
	at org.bouncycastle.jce.provider.X509CertificateObject.checkValidity(Unknown Source)
	at org.globus.security.provider.DateValidityChecker.isValid(DateValidityChecker.java:25)
	... 28 more
... Removed 22 stack frames</pre></div><a href='#' onClick='toggleBox("stack-trace3192450", this, "Click to show all stack frames", "Click to hide stack frames")'>Click to show all stack frames</a>
<div class='stack-trace' id='stack-trace3192450'><pre>java.security.cert.CertPathValidatorException: Certificate C=TestCA1,CN=EEC1,CN=limited proxy expired
	at org.globus.security.provider.DateValidityChecker.isValid(DateValidityChecker.java:27)
	at org.globus.security.provider.X509ProxyCertPathValidator.checkCertificate(X509ProxyCertPathValidator.java:712)
	at org.globus.security.provider.X509ProxyCertPathValidator.validate(X509ProxyCertPathValidator.java:217)
	at org.globus.security.provider.X509ProxyCertPathValidator.engineValidate(X509ProxyCertPathValidator.java:136)
	at org.globus.security.provider.TestProxyPathValidator$MockProxyCertPathValidator.engineValidate(TestProxyPathValidator.java:1089)
	at org.globus.security.provider.TestProxyPathValidator.validateChain(TestProxyPathValidator.java:349)
	at org.globus.security.provider.TestProxyPathValidator.validateRejectLimitedCheck(TestProxyPathValidator.java:514)
	at sun.reflect.NativeMethodAccessorImpl.invoke0(Native Method)
	at sun.reflect.NativeMethodAccessorImpl.invoke(NativeMethodAccessorImpl.java:39)
	at sun.reflect.DelegatingMethodAccessorImpl.invoke(DelegatingMethodAccessorImpl.java:25)
	at java.lang.reflect.Method.invoke(Method.java:585)
	at org.testng.internal.MethodHelper.invokeMethod(MethodHelper.java:607)
	at org.testng.internal.Invoker.invokeMethod(Invoker.java:517)
	at org.testng.internal.Invoker.invokeTestMethod(Invoker.java:669)
	at org.testng.internal.Invoker.invokeTestMethods(Invoker.java:956)
	at org.testng.internal.TestMethodWorker.invokeTestMethods(TestMethodWorker.java:126)
	at org.testng.internal.TestMethodWorker.run(TestMethodWorker.java:110)
	at org.testng.TestRunner.runWorkers(TestRunner.java:759)
	at org.testng.TestRunner.privateRun(TestRunner.java:592)
	at org.testng.TestRunner.run(TestRunner.java:486)
	at org.testng.SuiteRunner.runTest(SuiteRunner.java:332)
	at org.testng.SuiteRunner.runSequentially(SuiteRunner.java:327)
	at org.testng.SuiteRunner.privateRun(SuiteRunner.java:299)
	at org.testng.SuiteRunner.run(SuiteRunner.java:204)
	at org.testng.TestNG.createAndRunSuiteRunners(TestNG.java:867)
	at org.testng.TestNG.runSuitesLocally(TestNG.java:832)
	at org.testng.TestNG.run(TestNG.java:748)
	at org.testng.remote.RemoteTestNG.run(RemoteTestNG.java:73)
	at org.testng.RemoteTestNGStarter.main(RemoteTestNGStarter.java:79)
Caused by: java.security.cert.CertificateExpiredException: certificate expired on 20090929033105GMT+00:00
	at org.bouncycastle.jce.provider.X509CertificateObject.checkValidity(Unknown Source)
	at org.bouncycastle.jce.provider.X509CertificateObject.checkValidity(Unknown Source)
	at org.globus.security.provider.DateValidityChecker.isValid(DateValidityChecker.java:25)
	... 28 more
</pre></div></td>
</tr>
</table><p>
<table width='100%' border='1' class='invocation-passed'>
<tr><td colspan='3' align='center'><b>PASSED TESTS</b></td></tr>
<tr><td><b>Test method</b></td>
<td width="10%"><b>Time (seconds)</b></td>
<td width="30%"><b>Exception</b></td>
</tr>
<tr>
<td title='org.globus.security.provider.TestProxyPathValidator.testSigningPolicy()'>testSigningPolicy</td>
<td>0</td>
<td></td>
</tr>
<tr>
<td title='org.globus.security.provider.TestProxyPathValidator.validatePathBad()'>validatePathBad</td>
<td>0</td>
<td></td>
</tr>
</table><p>
</body>
</html>